<?xml version="1.0" encoding="UTF-8"?>
<testng-results ignored="0" total="1" passed="1" failed="0" skipped="0">
  <reporter-output>
  </reporter-output>
  <suite started-at="2024-10-24T23:53:10 IST" name="Default suite" finished-at="2024-10-24T23:53:14 IST" duration-ms="3312">
    <groups>
    </groups>
    <test started-at="2024-10-24T23:53:10 IST" name="Default test" finished-at="2024-10-24T23:53:14 IST" duration-ms="3312">
      <class name="SponsoredProduct_test.PostApi">
        <test-method is-config="true" signature="baseTest()[pri:0, instance:SponsoredProduct_test.PostApi@f5acb9d]" started-at="2024-10-24T23:53:09 IST" name="baseTest" finished-at="2024-10-24T23:53:10 IST" duration-ms="1124" status="PASS">
          <reporter-output>
          </reporter-output>
        </test-method> <!-- baseTest -->
        <test-method signature="PostTest()[pri:0, instance:SponsoredProduct_test.PostApi@f5acb9d]" started-at="2024-10-24T23:53:11 IST" name="PostTest" finished-at="2024-10-24T23:53:14 IST" duration-ms="2972" status="PASS">
          <reporter-output>
          </reporter-output>
        </test-method> <!-- PostTest -->
      </class> <!-- SponsoredProduct_test.PostApi -->
    </test> <!-- Default test -->
  </suite> <!-- Default suite -->
</testng-results>
